<?xml version="1.0" encoding="UTF-8"?>
<testng-results ignored="0" total="1" passed="1" failed="0" skipped="0">
  <reporter-output>
  </reporter-output>
  <suite started-at="2022-06-13T12:41:40 IST" name="Default suite" finished-at="2022-06-13T12:41:59 IST" duration-ms="19299">
    <groups>
    </groups>
    <test started-at="2022-06-13T12:41:40 IST" name="Default test" finished-at="2022-06-13T12:41:59 IST" duration-ms="19299">
      <class name="com.weblogin.Testcases.VerifyWebLogin">
        <test-method is-config="true" signature="setup()[pri:0, instance:com.weblogin.Testcases.VerifyWebLogin@434a63ab]" started-at="2022-06-13T12:41:40 IST" name="setup" finished-at="2022-06-13T12:41:49 IST" duration-ms="9812" status="PASS">
          <reporter-output>
          </reporter-output>
        </test-method> <!-- setup -->
        <test-method signature="loginTest(java.lang.String,java.lang.String,java.lang.String)[pri:0, instance:com.weblogin.Testcases.VerifyWebLogin@434a63ab]" started-at="2022-06-13T12:41:51 IST" name="loginTest" data-provider="LoginData" finished-at="2022-06-13T12:41:55 IST" duration-ms="3258" status="PASS">
          <params>
            <param index="0">
              <value>
                <![CDATA[divyatejaswini]]>
              </value>
            </param>
            <param index="1">
              <value>
                <![CDATA[divyatejaswini@gmail.com]]>
              </value>
            </param>
            <param index="2">
              <value>
                <![CDATA[password123]]>
              </value>
            </param>
          </params>
          <reporter-output>
          </reporter-output>
        </test-method> <!-- loginTest -->
        <test-method is-config="true" signature="tearDown()[pri:0, instance:com.weblogin.Testcases.VerifyWebLogin@434a63ab]" started-at="2022-06-13T12:41:55 IST" name="tearDown" finished-at="2022-06-13T12:41:59 IST" duration-ms="4223" status="PASS">
          <reporter-output>
          </reporter-output>
        </test-method> <!-- tearDown -->
      </class> <!-- com.weblogin.Testcases.VerifyWebLogin -->
    </test> <!-- Default test -->
  </suite> <!-- Default suite -->
</testng-results>
